[2025-07-23 12:58:48] production.ERROR: SQLSTATE[HY000] [2002] Подключение не установлено, т.к. конечный компьютер отверг запрос на подключение.
 (SQL: insert into `telescope_entries` (`batch_id`, `content`, `created_at`, `family_hash`, `type`, `uuid`) values (9f750a4a-2a28-4a77-904a-1dd4ce9a8a0c, {"name":"SocialiteProviders\\Manager\\SocialiteWasCalled","payload":{"app":{"class":"Illuminate\\Foundation\\Application","properties":{"contextual":{"Laravel\\Telescope\\Storage\\DatabaseEntriesRepository":{"$connection":"mysql","$chunkSize":1000}}}},"configRetriever":{"class":"SocialiteProviders\\Manager\\Helpers\\ConfigRetriever","properties":[]}},"listeners":[],"broadcast":false,"hostname":"DESKTOP-BM5JO3R"}, 2025-07-23 05:58:45, ?, event, 9f750a48-c8f4-430c-928f-4a3ab0d64710), (9f750a4a-2a28-4a77-904a-1dd4ce9a8a0c, {"command":"list","exit_code":0,"arguments":{"command":"list","namespace":null},"options":{"raw":false,"format":"xml","short":false,"help":false,"quiet":false,"verbose":false,"version":false,"ansi":false,"no-interaction":false,"env":null},"hostname":"DESKTOP-BM5JO3R"}, 2025-07-23 05:58:46, ?, command, 9f750a4a-29f1-4bb8-8622-096a5bd0a04c)) {"exception":"[object] (Illuminate\\Database\\QueryException(code: 2002): SQLSTATE[HY000] [2002] Подключение не установлено, т.к. конечный компьютер отверг запрос на подключение.
 (SQL: insert into `telescope_entries` (`batch_id`, `content`, `created_at`, `family_hash`, `type`, `uuid`) values (9f750a4a-2a28-4a77-904a-1dd4ce9a8a0c, {\"name\":\"SocialiteProviders\\\\Manager\\\\SocialiteWasCalled\",\"payload\":{\"app\":{\"class\":\"Illuminate\\\\Foundation\\\\Application\",\"properties\":{\"contextual\":{\"Laravel\\\\Telescope\\\\Storage\\\\DatabaseEntriesRepository\":{\"$connection\":\"mysql\",\"$chunkSize\":1000}}}},\"configRetriever\":{\"class\":\"SocialiteProviders\\\\Manager\\\\Helpers\\\\ConfigRetriever\",\"properties\":[]}},\"listeners\":[],\"broadcast\":false,\"hostname\":\"DESKTOP-BM5JO3R\"}, 2025-07-23 05:58:45, ?, event, 9f750a48-c8f4-430c-928f-4a3ab0d64710), (9f750a4a-2a28-4a77-904a-1dd4ce9a8a0c, {\"command\":\"list\",\"exit_code\":0,\"arguments\":{\"command\":\"list\",\"namespace\":null},\"options\":{\"raw\":false,\"format\":\"xml\",\"short\":false,\"help\":false,\"quiet\":false,\"verbose\":false,\"version\":false,\"ansi\":false,\"no-interaction\":false,\"env\":null},\"hostname\":\"DESKTOP-BM5JO3R\"}, 2025-07-23 05:58:46, ?, command, 9f750a4a-29f1-4bb8-8622-096a5bd0a04c)) at D:\\pr\\serv.strizhevski.ru\\terminal_back_new\\vendor\\laravel\\framework\\src\\Illuminate\\Database\\Connection.php:692)
[stacktrace]
#0 D:\\pr\\serv.strizhevski.ru\\terminal_back_new\\vendor\\laravel\\framework\\src\\Illuminate\\Database\\Connection.php(652): Illuminate\\Database\\Connection->runQueryCallback()
#1 D:\\pr\\serv.strizhevski.ru\\terminal_back_new\\vendor\\laravel\\framework\\src\\Illuminate\\Database\\Connection.php(486): Illuminate\\Database\\Connection->run()
#2 D:\\pr\\serv.strizhevski.ru\\terminal_back_new\\vendor\\laravel\\framework\\src\\Illuminate\\Database\\Connection.php(438): Illuminate\\Database\\Connection->statement()
#3 D:\\pr\\serv.strizhevski.ru\\terminal_back_new\\vendor\\laravel\\framework\\src\\Illuminate\\Database\\Query\\Builder.php(2916): Illuminate\\Database\\Connection->insert()
#4 D:\\pr\\serv.strizhevski.ru\\terminal_back_new\\vendor\\laravel\\telescope\\src\\Storage\\DatabaseEntriesRepository.php(148): Illuminate\\Database\\Query\\Builder->insert()
#5 D:\\pr\\serv.strizhevski.ru\\terminal_back_new\\vendor\\laravel\\framework\\src\\Illuminate\\Collections\\Traits\\EnumeratesValues.php(234): Laravel\\Telescope\\Storage\\DatabaseEntriesRepository->Laravel\\Telescope\\Storage\\{closure}()
#6 D:\\pr\\serv.strizhevski.ru\\terminal_back_new\\vendor\\laravel\\telescope\\src\\Storage\\DatabaseEntriesRepository.php(149): Illuminate\\Support\\Collection->each()
#7 D:\\pr\\serv.strizhevski.ru\\terminal_back_new\\vendor\\laravel\\telescope\\src\\Telescope.php(643): Laravel\\Telescope\\Storage\\DatabaseEntriesRepository->store()
#8 [internal function]: Laravel\\Telescope\\Telescope::Laravel\\Telescope\\{closure}()
#9 D:\\pr\\serv.strizhevski.ru\\terminal_back_new\\vendor\\laravel\\telescope\\src\\Telescope.php(264): call_user_func()
#10 D:\\pr\\serv.strizhevski.ru\\terminal_back_new\\vendor\\laravel\\telescope\\src\\Telescope.php(654): Laravel\\Telescope\\Telescope::withoutRecording()
#11 D:\\pr\\serv.strizhevski.ru\\terminal_back_new\\vendor\\laravel\\telescope\\src\\ListensForStorageOpportunities.php(65): Laravel\\Telescope\\Telescope::store()
#12 D:\\pr\\serv.strizhevski.ru\\terminal_back_new\\vendor\\laravel\\framework\\src\\Illuminate\\Container\\BoundMethod.php(36): Laravel\\Telescope\\Telescope::Laravel\\Telescope\\{closure}()
#13 D:\\pr\\serv.strizhevski.ru\\terminal_back_new\\vendor\\laravel\\framework\\src\\Illuminate\\Container\\Util.php(40): Illuminate\\Container\\BoundMethod::Illuminate\\Container\\{closure}()
#14 D:\\pr\\serv.strizhevski.ru\\terminal_back_new\\vendor\\laravel\\framework\\src\\Illuminate\\Container\\BoundMethod.php(81): Illuminate\\Container\\Util::unwrapIfClosure()
#15 D:\\pr\\serv.strizhevski.ru\\terminal_back_new\\vendor\\laravel\\framework\\src\\Illuminate\\Container\\BoundMethod.php(37): Illuminate\\Container\\BoundMethod::callBoundMethod()
#16 D:\\pr\\serv.strizhevski.ru\\terminal_back_new\\vendor\\laravel\\framework\\src\\Illuminate\\Container\\Container.php(651): Illuminate\\Container\\BoundMethod::call()
#17 D:\\pr\\serv.strizhevski.ru\\terminal_back_new\\vendor\\laravel\\framework\\src\\Illuminate\\Foundation\\Application.php(1140): Illuminate\\Container\\Container->call()
#18 D:\\pr\\serv.strizhevski.ru\\terminal_back_new\\vendor\\laravel\\framework\\src\\Illuminate\\Foundation\\Console\\Kernel.php(148): Illuminate\\Foundation\\Application->terminate()
#19 D:\\pr\\serv.strizhevski.ru\\terminal_back_new\\artisan(51): Illuminate\\Foundation\\Console\\Kernel->terminate()
#20 {main}

[previous exception] [object] (PDOException(code: 2002): SQLSTATE[HY000] [2002] Подключение не установлено, т.к. конечный компьютер отверг запрос на подключение.
 at D:\\pr\\serv.strizhevski.ru\\terminal_back_new\\vendor\\laravel\\framework\\src\\Illuminate\\Database\\Connectors\\Connector.php:70)
[stacktrace]
#0 D:\\pr\\serv.strizhevski.ru\\terminal_back_new\\vendor\\laravel\\framework\\src\\Illuminate\\Database\\Connectors\\Connector.php(70): PDO->__construct()
#1 D:\\pr\\serv.strizhevski.ru\\terminal_back_new\\vendor\\laravel\\framework\\src\\Illuminate\\Database\\Connectors\\Connector.php(46): Illuminate\\Database\\Connectors\\Connector->createPdoConnection()
#2 D:\\pr\\serv.strizhevski.ru\\terminal_back_new\\vendor\\laravel\\framework\\src\\Illuminate\\Database\\Connectors\\MySqlConnector.php(24): Illuminate\\Database\\Connectors\\Connector->createConnection()
#3 D:\\pr\\serv.strizhevski.ru\\terminal_back_new\\vendor\\laravel\\framework\\src\\Illuminate\\Database\\Connectors\\ConnectionFactory.php(184): Illuminate\\Database\\Connectors\\MySqlConnector->connect()
#4 [internal function]: Illuminate\\Database\\Connectors\\ConnectionFactory->Illuminate\\Database\\Connectors\\{closure}()
#5 D:\\pr\\serv.strizhevski.ru\\terminal_back_new\\vendor\\laravel\\framework\\src\\Illuminate\\Database\\Connection.php(997): call_user_func()
#6 D:\\pr\\serv.strizhevski.ru\\terminal_back_new\\vendor\\laravel\\framework\\src\\Illuminate\\Database\\Connection.php(479): Illuminate\\Database\\Connection->getPdo()
#7 D:\\pr\\serv.strizhevski.ru\\terminal_back_new\\vendor\\laravel\\framework\\src\\Illuminate\\Database\\Connection.php(685): Illuminate\\Database\\Connection->Illuminate\\Database\\{closure}()
#8 D:\\pr\\serv.strizhevski.ru\\terminal_back_new\\vendor\\laravel\\framework\\src\\Illuminate\\Database\\Connection.php(652): Illuminate\\Database\\Connection->runQueryCallback()
#9 D:\\pr\\serv.strizhevski.ru\\terminal_back_new\\vendor\\laravel\\framework\\src\\Illuminate\\Database\\Connection.php(486): Illuminate\\Database\\Connection->run()
#10 D:\\pr\\serv.strizhevski.ru\\terminal_back_new\\vendor\\laravel\\framework\\src\\Illuminate\\Database\\Connection.php(438): Illuminate\\Database\\Connection->statement()
#11 D:\\pr\\serv.strizhevski.ru\\terminal_back_new\\vendor\\laravel\\framework\\src\\Illuminate\\Database\\Query\\Builder.php(2916): Illuminate\\Database\\Connection->insert()
#12 D:\\pr\\serv.strizhevski.ru\\terminal_back_new\\vendor\\laravel\\telescope\\src\\Storage\\DatabaseEntriesRepository.php(148): Illuminate\\Database\\Query\\Builder->insert()
#13 D:\\pr\\serv.strizhevski.ru\\terminal_back_new\\vendor\\laravel\\framework\\src\\Illuminate\\Collections\\Traits\\EnumeratesValues.php(234): Laravel\\Telescope\\Storage\\DatabaseEntriesRepository->Laravel\\Telescope\\Storage\\{closure}()
#14 D:\\pr\\serv.strizhevski.ru\\terminal_back_new\\vendor\\laravel\\telescope\\src\\Storage\\DatabaseEntriesRepository.php(149): Illuminate\\Support\\Collection->each()
#15 D:\\pr\\serv.strizhevski.ru\\terminal_back_new\\vendor\\laravel\\telescope\\src\\Telescope.php(643): Laravel\\Telescope\\Storage\\DatabaseEntriesRepository->store()
#16 [internal function]: Laravel\\Telescope\\Telescope::Laravel\\Telescope\\{closure}()
#17 D:\\pr\\serv.strizhevski.ru\\terminal_back_new\\vendor\\laravel\\telescope\\src\\Telescope.php(264): call_user_func()
#18 D:\\pr\\serv.strizhevski.ru\\terminal_back_new\\vendor\\laravel\\telescope\\src\\Telescope.php(654): Laravel\\Telescope\\Telescope::withoutRecording()
#19 D:\\pr\\serv.strizhevski.ru\\terminal_back_new\\vendor\\laravel\\telescope\\src\\ListensForStorageOpportunities.php(65): Laravel\\Telescope\\Telescope::store()
#20 D:\\pr\\serv.strizhevski.ru\\terminal_back_new\\vendor\\laravel\\framework\\src\\Illuminate\\Container\\BoundMethod.php(36): Laravel\\Telescope\\Telescope::Laravel\\Telescope\\{closure}()
#21 D:\\pr\\serv.strizhevski.ru\\terminal_back_new\\vendor\\laravel\\framework\\src\\Illuminate\\Container\\Util.php(40): Illuminate\\Container\\BoundMethod::Illuminate\\Container\\{closure}()
#22 D:\\pr\\serv.strizhevski.ru\\terminal_back_new\\vendor\\laravel\\framework\\src\\Illuminate\\Container\\BoundMethod.php(81): Illuminate\\Container\\Util::unwrapIfClosure()
#23 D:\\pr\\serv.strizhevski.ru\\terminal_back_new\\vendor\\laravel\\framework\\src\\Illuminate\\Container\\BoundMethod.php(37): Illuminate\\Container\\BoundMethod::callBoundMethod()
#24 D:\\pr\\serv.strizhevski.ru\\terminal_back_new\\vendor\\laravel\\framework\\src\\Illuminate\\Container\\Container.php(651): Illuminate\\Container\\BoundMethod::call()
#25 D:\\pr\\serv.strizhevski.ru\\terminal_back_new\\vendor\\laravel\\framework\\src\\Illuminate\\Foundation\\Application.php(1140): Illuminate\\Container\\Container->call()
#26 D:\\pr\\serv.strizhevski.ru\\terminal_back_new\\vendor\\laravel\\framework\\src\\Illuminate\\Foundation\\Console\\Kernel.php(148): Illuminate\\Foundation\\Application->terminate()
#27 D:\\pr\\serv.strizhevski.ru\\terminal_back_new\\artisan(51): Illuminate\\Foundation\\Console\\Kernel->terminate()
#28 {main}
"} 
[2025-07-23 12:58:48] production.ERROR: SQLSTATE[HY000] [2002] Подключение не установлено, т.к. конечный компьютер отверг запрос на подключение.
 (SQL: insert into `telescope_entries` (`batch_id`, `content`, `created_at`, `family_hash`, `type`, `uuid`) values (9f750a4a-660b-4e3b-b245-95c167996f03, {"name":"SocialiteProviders\\Manager\\SocialiteWasCalled","payload":{"app":{"class":"Illuminate\\Foundation\\Application","properties":{"contextual":{"Laravel\\Telescope\\Storage\\DatabaseEntriesRepository":{"$connection":"mysql","$chunkSize":1000}}}},"configRetriever":{"class":"SocialiteProviders\\Manager\\Helpers\\ConfigRetriever","properties":[]}},"listeners":[],"broadcast":false,"hostname":"DESKTOP-BM5JO3R"}, 2025-07-23 05:58:45, ?, event, 9f750a48-cc1f-444f-8352-8b99d01884ea), (9f750a4a-660b-4e3b-b245-95c167996f03, {"command":"list","exit_code":0,"arguments":{"command":"list","namespace":null},"options":{"raw":false,"format":"xml","short":false,"help":false,"quiet":false,"verbose":false,"version":false,"ansi":false,"no-interaction":false,"env":null},"hostname":"DESKTOP-BM5JO3R"}, 2025-07-23 05:58:46, ?, command, 9f750a4a-65d5-412c-ab9c-bba2243e65a8)) {"exception":"[object] (Illuminate\\Database\\QueryException(code: 2002): SQLSTATE[HY000] [2002] Подключение не установлено, т.к. конечный компьютер отверг запрос на подключение.
 (SQL: insert into `telescope_entries` (`batch_id`, `content`, `created_at`, `family_hash`, `type`, `uuid`) values (9f750a4a-660b-4e3b-b245-95c167996f03, {\"name\":\"SocialiteProviders\\\\Manager\\\\SocialiteWasCalled\",\"payload\":{\"app\":{\"class\":\"Illuminate\\\\Foundation\\\\Application\",\"properties\":{\"contextual\":{\"Laravel\\\\Telescope\\\\Storage\\\\DatabaseEntriesRepository\":{\"$connection\":\"mysql\",\"$chunkSize\":1000}}}},\"configRetriever\":{\"class\":\"SocialiteProviders\\\\Manager\\\\Helpers\\\\ConfigRetriever\",\"properties\":[]}},\"listeners\":[],\"broadcast\":false,\"hostname\":\"DESKTOP-BM5JO3R\"}, 2025-07-23 05:58:45, ?, event, 9f750a48-cc1f-444f-8352-8b99d01884ea), (9f750a4a-660b-4e3b-b245-95c167996f03, {\"command\":\"list\",\"exit_code\":0,\"arguments\":{\"command\":\"list\",\"namespace\":null},\"options\":{\"raw\":false,\"format\":\"xml\",\"short\":false,\"help\":false,\"quiet\":false,\"verbose\":false,\"version\":false,\"ansi\":false,\"no-interaction\":false,\"env\":null},\"hostname\":\"DESKTOP-BM5JO3R\"}, 2025-07-23 05:58:46, ?, command, 9f750a4a-65d5-412c-ab9c-bba2243e65a8)) at D:\\pr\\serv.strizhevski.ru\\terminal_back_new\\vendor\\laravel\\framework\\src\\Illuminate\\Database\\Connection.php:692)
[stacktrace]
#0 D:\\pr\\serv.strizhevski.ru\\terminal_back_new\\vendor\\laravel\\framework\\src\\Illuminate\\Database\\Connection.php(652): Illuminate\\Database\\Connection->runQueryCallback()
#1 D:\\pr\\serv.strizhevski.ru\\terminal_back_new\\vendor\\laravel\\framework\\src\\Illuminate\\Database\\Connection.php(486): Illuminate\\Database\\Connection->run()
#2 D:\\pr\\serv.strizhevski.ru\\terminal_back_new\\vendor\\laravel\\framework\\src\\Illuminate\\Database\\Connection.php(438): Illuminate\\Database\\Connection->statement()
#3 D:\\pr\\serv.strizhevski.ru\\terminal_back_new\\vendor\\laravel\\framework\\src\\Illuminate\\Database\\Query\\Builder.php(2916): Illuminate\\Database\\Connection->insert()
#4 D:\\pr\\serv.strizhevski.ru\\terminal_back_new\\vendor\\laravel\\telescope\\src\\Storage\\DatabaseEntriesRepository.php(148): Illuminate\\Database\\Query\\Builder->insert()
#5 D:\\pr\\serv.strizhevski.ru\\terminal_back_new\\vendor\\laravel\\framework\\src\\Illuminate\\Collections\\Traits\\EnumeratesValues.php(234): Laravel\\Telescope\\Storage\\DatabaseEntriesRepository->Laravel\\Telescope\\Storage\\{closure}()
#6 D:\\pr\\serv.strizhevski.ru\\terminal_back_new\\vendor\\laravel\\telescope\\src\\Storage\\DatabaseEntriesRepository.php(149): Illuminate\\Support\\Collection->each()
#7 D:\\pr\\serv.strizhevski.ru\\terminal_back_new\\vendor\\laravel\\telescope\\src\\Telescope.php(643): Laravel\\Telescope\\Storage\\DatabaseEntriesRepository->store()
#8 [internal function]: Laravel\\Telescope\\Telescope::Laravel\\Telescope\\{closure}()
#9 D:\\pr\\serv.strizhevski.ru\\terminal_back_new\\vendor\\laravel\\telescope\\src\\Telescope.php(264): call_user_func()
#10 D:\\pr\\serv.strizhevski.ru\\terminal_back_new\\vendor\\laravel\\telescope\\src\\Telescope.php(654): Laravel\\Telescope\\Telescope::withoutRecording()
#11 D:\\pr\\serv.strizhevski.ru\\terminal_back_new\\vendor\\laravel\\telescope\\src\\ListensForStorageOpportunities.php(65): Laravel\\Telescope\\Telescope::store()
#12 D:\\pr\\serv.strizhevski.ru\\terminal_back_new\\vendor\\laravel\\framework\\src\\Illuminate\\Container\\BoundMethod.php(36): Laravel\\Telescope\\Telescope::Laravel\\Telescope\\{closure}()
#13 D:\\pr\\serv.strizhevski.ru\\terminal_back_new\\vendor\\laravel\\framework\\src\\Illuminate\\Container\\Util.php(40): Illuminate\\Container\\BoundMethod::Illuminate\\Container\\{closure}()
#14 D:\\pr\\serv.strizhevski.ru\\terminal_back_new\\vendor\\laravel\\framework\\src\\Illuminate\\Container\\BoundMethod.php(81): Illuminate\\Container\\Util::unwrapIfClosure()
#15 D:\\pr\\serv.strizhevski.ru\\terminal_back_new\\vendor\\laravel\\framework\\src\\Illuminate\\Container\\BoundMethod.php(37): Illuminate\\Container\\BoundMethod::callBoundMethod()
#16 D:\\pr\\serv.strizhevski.ru\\terminal_back_new\\vendor\\laravel\\framework\\src\\Illuminate\\Container\\Container.php(651): Illuminate\\Container\\BoundMethod::call()
#17 D:\\pr\\serv.strizhevski.ru\\terminal_back_new\\vendor\\laravel\\framework\\src\\Illuminate\\Foundation\\Application.php(1140): Illuminate\\Container\\Container->call()
#18 D:\\pr\\serv.strizhevski.ru\\terminal_back_new\\vendor\\laravel\\framework\\src\\Illuminate\\Foundation\\Console\\Kernel.php(148): Illuminate\\Foundation\\Application->terminate()
#19 D:\\pr\\serv.strizhevski.ru\\terminal_back_new\\artisan(51): Illuminate\\Foundation\\Console\\Kernel->terminate()
#20 {main}

[previous exception] [object] (PDOException(code: 2002): SQLSTATE[HY000] [2002] Подключение не установлено, т.к. конечный компьютер отверг запрос на подключение.
 at D:\\pr\\serv.strizhevski.ru\\terminal_back_new\\vendor\\laravel\\framework\\src\\Illuminate\\Database\\Connectors\\Connector.php:70)
[stacktrace]
#0 D:\\pr\\serv.strizhevski.ru\\terminal_back_new\\vendor\\laravel\\framework\\src\\Illuminate\\Database\\Connectors\\Connector.php(70): PDO->__construct()
#1 D:\\pr\\serv.strizhevski.ru\\terminal_back_new\\vendor\\laravel\\framework\\src\\Illuminate\\Database\\Connectors\\Connector.php(46): Illuminate\\Database\\Connectors\\Connector->createPdoConnection()
#2 D:\\pr\\serv.strizhevski.ru\\terminal_back_new\\vendor\\laravel\\framework\\src\\Illuminate\\Database\\Connectors\\MySqlConnector.php(24): Illuminate\\Database\\Connectors\\Connector->createConnection()
#3 D:\\pr\\serv.strizhevski.ru\\terminal_back_new\\vendor\\laravel\\framework\\src\\Illuminate\\Database\\Connectors\\ConnectionFactory.php(184): Illuminate\\Database\\Connectors\\MySqlConnector->connect()
#4 [internal function]: Illuminate\\Database\\Connectors\\ConnectionFactory->Illuminate\\Database\\Connectors\\{closure}()
#5 D:\\pr\\serv.strizhevski.ru\\terminal_back_new\\vendor\\laravel\\framework\\src\\Illuminate\\Database\\Connection.php(997): call_user_func()
#6 D:\\pr\\serv.strizhevski.ru\\terminal_back_new\\vendor\\laravel\\framework\\src\\Illuminate\\Database\\Connection.php(479): Illuminate\\Database\\Connection->getPdo()
#7 D:\\pr\\serv.strizhevski.ru\\terminal_back_new\\vendor\\laravel\\framework\\src\\Illuminate\\Database\\Connection.php(685): Illuminate\\Database\\Connection->Illuminate\\Database\\{closure}()
#8 D:\\pr\\serv.strizhevski.ru\\terminal_back_new\\vendor\\laravel\\framework\\src\\Illuminate\\Database\\Connection.php(652): Illuminate\\Database\\Connection->runQueryCallback()
#9 D:\\pr\\serv.strizhevski.ru\\terminal_back_new\\vendor\\laravel\\framework\\src\\Illuminate\\Database\\Connection.php(486): Illuminate\\Database\\Connection->run()
#10 D:\\pr\\serv.strizhevski.ru\\terminal_back_new\\vendor\\laravel\\framework\\src\\Illuminate\\Database\\Connection.php(438): Illuminate\\Database\\Connection->statement()
#11 D:\\pr\\serv.strizhevski.ru\\terminal_back_new\\vendor\\laravel\\framework\\src\\Illuminate\\Database\\Query\\Builder.php(2916): Illuminate\\Database\\Connection->insert()
#12 D:\\pr\\serv.strizhevski.ru\\terminal_back_new\\vendor\\laravel\\telescope\\src\\Storage\\DatabaseEntriesRepository.php(148): Illuminate\\Database\\Query\\Builder->insert()
#13 D:\\pr\\serv.strizhevski.ru\\terminal_back_new\\vendor\\laravel\\framework\\src\\Illuminate\\Collections\\Traits\\EnumeratesValues.php(234): Laravel\\Telescope\\Storage\\DatabaseEntriesRepository->Laravel\\Telescope\\Storage\\{closure}()
#14 D:\\pr\\serv.strizhevski.ru\\terminal_back_new\\vendor\\laravel\\telescope\\src\\Storage\\DatabaseEntriesRepository.php(149): Illuminate\\Support\\Collection->each()
#15 D:\\pr\\serv.strizhevski.ru\\terminal_back_new\\vendor\\laravel\\telescope\\src\\Telescope.php(643): Laravel\\Telescope\\Storage\\DatabaseEntriesRepository->store()
#16 [internal function]: Laravel\\Telescope\\Telescope::Laravel\\Telescope\\{closure}()
#17 D:\\pr\\serv.strizhevski.ru\\terminal_back_new\\vendor\\laravel\\telescope\\src\\Telescope.php(264): call_user_func()
#18 D:\\pr\\serv.strizhevski.ru\\terminal_back_new\\vendor\\laravel\\telescope\\src\\Telescope.php(654): Laravel\\Telescope\\Telescope::withoutRecording()
#19 D:\\pr\\serv.strizhevski.ru\\terminal_back_new\\vendor\\laravel\\telescope\\src\\ListensForStorageOpportunities.php(65): Laravel\\Telescope\\Telescope::store()
#20 D:\\pr\\serv.strizhevski.ru\\terminal_back_new\\vendor\\laravel\\framework\\src\\Illuminate\\Container\\BoundMethod.php(36): Laravel\\Telescope\\Telescope::Laravel\\Telescope\\{closure}()
#21 D:\\pr\\serv.strizhevski.ru\\terminal_back_new\\vendor\\laravel\\framework\\src\\Illuminate\\Container\\Util.php(40): Illuminate\\Container\\BoundMethod::Illuminate\\Container\\{closure}()
#22 D:\\pr\\serv.strizhevski.ru\\terminal_back_new\\vendor\\laravel\\framework\\src\\Illuminate\\Container\\BoundMethod.php(81): Illuminate\\Container\\Util::unwrapIfClosure()
#23 D:\\pr\\serv.strizhevski.ru\\terminal_back_new\\vendor\\laravel\\framework\\src\\Illuminate\\Container\\BoundMethod.php(37): Illuminate\\Container\\BoundMethod::callBoundMethod()
#24 D:\\pr\\serv.strizhevski.ru\\terminal_back_new\\vendor\\laravel\\framework\\src\\Illuminate\\Container\\Container.php(651): Illuminate\\Container\\BoundMethod::call()
#25 D:\\pr\\serv.strizhevski.ru\\terminal_back_new\\vendor\\laravel\\framework\\src\\Illuminate\\Foundation\\Application.php(1140): Illuminate\\Container\\Container->call()
#26 D:\\pr\\serv.strizhevski.ru\\terminal_back_new\\vendor\\laravel\\framework\\src\\Illuminate\\Foundation\\Console\\Kernel.php(148): Illuminate\\Foundation\\Application->terminate()
#27 D:\\pr\\serv.strizhevski.ru\\terminal_back_new\\artisan(51): Illuminate\\Foundation\\Console\\Kernel->terminate()
#28 {main}
"} 
